Warning: Permanently added 'ec2-52-11-197-179.us-west-2.compute.amazonaws.com,52.11.197.179' (ECDSA) to the list of known hosts.
Warning: Permanently added the RSA host key for IP address '192.30.253.112' to the list of known hosts.
From github.com:bw4sz/Whales
   fe36223..7cfdace  master     -> origin/master
Updating fe36223..7cfdace
Fast-forward
 .Rhistory                                          |   512 -
 Amazon/Job.bash                                    |     4 +-
 Amazon/Startup.bash                                |     4 +-
 Amazon/nohup.out                                   |    18 +-
 Bayesian/MultiSpecies.R                            |    57 +-
 Bayesian/Multi_RW.jags                             |    57 +-
 Figures/AllDistribution.jpeg                       |   Bin 0 -> 649500 bytes
 Figures/LiveTags.jpeg                              |   Bin 0 -> 696424 bytes
 Figures/LiveTags2.jpeg                             |   Bin 0 -> 818963 bytes
 InputData/CCAMLR_aggregated_catch_C1.csv           |  1904 +++
 Map.R                                              |    52 +
 OutData/Runs.csv                                   | 15272 +++++++++++++++++++
 Patch.Rmd                                          |   218 +
 Patch.html                                         |   233 +
 Patch.md                                           |   104 +
 Patch_files/figure-html/unnamed-chunk-10-1.png     |   Bin 0 -> 4824 bytes
 Patch_files/figure-html/unnamed-chunk-11-1.png     |   Bin 0 -> 4877 bytes
 Patch_files/figure-html/unnamed-chunk-12-1.png     |   Bin 0 -> 5230 bytes
 Patch_files/figure-html/unnamed-chunk-13-1.png     |   Bin 0 -> 5689 bytes
 Patch_files/figure-html/unnamed-chunk-14-1.png     |   Bin 0 -> 6744 bytes
 Patch_files/figure-html/unnamed-chunk-15-1.png     |   Bin 0 -> 6518 bytes
 Patch_files/figure-html/unnamed-chunk-16-1.png     |   Bin 0 -> 24041 bytes
 Patch_files/figure-html/unnamed-chunk-17-1.png     |   Bin 0 -> 15762 bytes
 Patch_files/figure-html/unnamed-chunk-6-1.png      |   Bin 0 -> 4784 bytes
 Patch_files/figure-html/unnamed-chunk-7-1.png      |   Bin 0 -> 4906 bytes
 Patch_files/figure-html/unnamed-chunk-8-1.png      |   Bin 0 -> 4824 bytes
 Patch_files/figure-html/unnamed-chunk-9-1.png      |   Bin 0 -> 3788 bytes
 SingleSpecies.Rmd                                  |   205 +-
 SingleSpecies.html                                 |   618 +-
 SingleSpecies.md                                   |   752 +-
 .../figure-html/unnamed-chunk-13-1.png             |   Bin 300315 -> 328400 bytes
 .../figure-html/unnamed-chunk-14-1.png             |   Bin 5064 -> 4440 bytes
 .../figure-html/unnamed-chunk-14-2.png             |   Bin 5321 -> 4285 bytes
 .../figure-html/unnamed-chunk-17-1.png             |   Bin 367782 -> 371013 bytes
 .../figure-html/unnamed-chunk-18-1.png             |   Bin 18422 -> 20179 bytes
 .../figure-html/unnamed-chunk-19-1.png             |   Bin 49475 -> 48916 bytes
 .../figure-html/unnamed-chunk-20-1.png             |   Bin 19832 -> 23224 bytes
 .../figure-html/unnamed-chunk-21-1.png             |   Bin 382827 -> 10121 bytes
 .../figure-html/unnamed-chunk-22-1.png             |   Bin 265944 -> 296531 bytes
 .../figure-html/unnamed-chunk-22-10.png            |   Bin 0 -> 237491 bytes
 .../figure-html/unnamed-chunk-22-11.png            |   Bin 0 -> 237305 bytes
 .../figure-html/unnamed-chunk-22-12.png            |   Bin 0 -> 236421 bytes
 .../figure-html/unnamed-chunk-22-13.png            |   Bin 0 -> 236411 bytes
 .../figure-html/unnamed-chunk-22-14.png            |   Bin 0 -> 237083 bytes
 .../figure-html/unnamed-chunk-22-15.png            |   Bin 0 -> 238644 bytes
 .../figure-html/unnamed-chunk-22-16.png            |   Bin 0 -> 236969 bytes
 .../figure-html/unnamed-chunk-22-17.png            |   Bin 0 -> 236586 bytes
 .../figure-html/unnamed-chunk-22-18.png            |   Bin 0 -> 240755 bytes
 .../figure-html/unnamed-chunk-22-19.png            |   Bin 0 -> 237694 bytes
 .../figure-html/unnamed-chunk-22-2.png             |   Bin 280806 -> 285101 bytes
 .../figure-html/unnamed-chunk-22-20.png            |   Bin 0 -> 237680 bytes
 .../figure-html/unnamed-chunk-22-21.png            |   Bin 0 -> 235494 bytes
 .../figure-html/unnamed-chunk-22-22.png            |   Bin 0 -> 236687 bytes
 .../figure-html/unnamed-chunk-22-23.png            |   Bin 0 -> 240229 bytes
 .../figure-html/unnamed-chunk-22-24.png            |   Bin 0 -> 236658 bytes
 .../figure-html/unnamed-chunk-22-25.png            |   Bin 0 -> 234945 bytes
 .../figure-html/unnamed-chunk-22-26.png            |   Bin 0 -> 238359 bytes
 .../figure-html/unnamed-chunk-22-27.png            |   Bin 0 -> 238358 bytes
 .../figure-html/unnamed-chunk-22-28.png            |   Bin 0 -> 235512 bytes
 .../figure-html/unnamed-chunk-22-29.png            |   Bin 0 -> 236816 bytes
 .../figure-html/unnamed-chunk-22-3.png             |   Bin 263047 -> 294544 bytes
 .../figure-html/unnamed-chunk-22-30.png            |   Bin 0 -> 237174 bytes
 .../figure-html/unnamed-chunk-22-31.png            |   Bin 0 -> 236956 bytes
 .../figure-html/unnamed-chunk-22-4.png             |   Bin 281737 -> 294829 bytes
 .../figure-html/unnamed-chunk-22-5.png             |   Bin 261168 -> 282300 bytes
 .../figure-html/unnamed-chunk-22-6.png             |   Bin 261518 -> 276137 bytes
 .../figure-html/unnamed-chunk-22-7.png             |   Bin 262677 -> 262684 bytes
 .../figure-html/unnamed-chunk-22-8.png             |   Bin 262269 -> 272286 bytes
 .../figure-html/unnamed-chunk-22-9.png             |   Bin 264848 -> 292289 bytes
 .../figure-html/unnamed-chunk-23-1.png             |   Bin 1197683 -> 303645 bytes
 .../figure-html/unnamed-chunk-23-10.png            |   Bin 1185552 -> 278168 bytes
 .../figure-html/unnamed-chunk-23-11.png            |   Bin 1165148 -> 300449 bytes
 .../figure-html/unnamed-chunk-23-2.png             |   Bin 1143646 -> 290474 bytes
 .../figure-html/unnamed-chunk-23-3.png             |   Bin 1132604 -> 301996 bytes
 .../figure-html/unnamed-chunk-23-4.png             |   Bin 1143505 -> 300720 bytes
 .../figure-html/unnamed-chunk-23-5.png             |   Bin 1121493 -> 290312 bytes
 .../figure-html/unnamed-chunk-23-6.png             |   Bin 1082301 -> 283358 bytes
 .../figure-html/unnamed-chunk-23-7.png             |   Bin 1056135 -> 297297 bytes
 .../figure-html/unnamed-chunk-23-8.png             |   Bin 1090583 -> 299496 bytes
 .../figure-html/unnamed-chunk-23-9.png             |   Bin 1175322 -> 267211 bytes
 .../figure-html/unnamed-chunk-24-1.png             |   Bin 22356 -> 17042 bytes
 .../figure-html/unnamed-chunk-25-1.png             |   Bin 100448 -> 14789 bytes
 .../figure-html/unnamed-chunk-26-1.png             |   Bin 19997 -> 12129 bytes
 .../figure-html/unnamed-chunk-27-1.png             |   Bin 7266 -> 71551 bytes
 .../figure-html/unnamed-chunk-28-1.png             |   Bin 7173 -> 8256 bytes
 .../figure-html/unnamed-chunk-29-1.png             |   Bin 267475 -> 4375 bytes
 .../figure-html/unnamed-chunk-30-1.png             |   Bin 289239 -> 348643 bytes
 .../figure-html/unnamed-chunk-31-1.png             |   Bin 289332 -> 358265 bytes
 .../figure-html/unnamed-chunk-5-1.png              |   Bin 303353 -> 333330 bytes
 .../figure-html/unnamed-chunk-6-1.png              |   Bin 9411 -> 9625 bytes
 .../figure-html/unnamed-chunk-7-1.png              |   Bin 7968 -> 7436 bytes
 .../figure-html/unnamed-chunk-8-1.png              |   Bin 9268 -> 9346 bytes
 .../figure-html/unnamed-chunk-9-1.png              |   Bin 5505 -> 5428 bytes
 run.txt                                            |   283 +-
 94 files changed, 18431 insertions(+), 1862 deletions(-)
 delete mode 100644 .Rhistory
 create mode 100644 Figures/AllDistribution.jpeg
 create mode 100644 Figures/LiveTags.jpeg
 create mode 100644 Figures/LiveTags2.jpeg
 create mode 100644 InputData/CCAMLR_aggregated_catch_C1.csv
 create mode 100644 Map.R
 create mode 100644 OutData/Runs.csv
 create mode 100644 Patch.Rmd
 create mode 100644 Patch.html
 create mode 100644 Patch.md
 create mode 100644 Patch_files/figure-html/unnamed-chunk-10-1.png
 create mode 100644 Patch_files/figure-html/unnamed-chunk-11-1.png
 create mode 100644 Patch_files/figure-html/unnamed-chunk-12-1.png
 create mode 100644 Patch_files/figure-html/unnamed-chunk-13-1.png
 create mode 100644 Patch_files/figure-html/unnamed-chunk-14-1.png
 create mode 100644 Patch_files/figure-html/unnamed-chunk-15-1.png
 create mode 100644 Patch_files/figure-html/unnamed-chunk-16-1.png
 create mode 100644 Patch_files/figure-html/unnamed-chunk-17-1.png
 create mode 100644 Patch_files/figure-html/unnamed-chunk-6-1.png
 create mode 100644 Patch_files/figure-html/unnamed-chunk-7-1.png
 create mode 100644 Patch_files/figure-html/unnamed-chunk-8-1.png
 create mode 100644 Patch_files/figure-html/unnamed-chunk-9-1.png
 create mode 100644 SingleSpecies_files/figure-html/unnamed-chunk-22-10.png
 create mode 100644 SingleSpecies_files/figure-html/unnamed-chunk-22-11.png
 create mode 100644 SingleSpecies_files/figure-html/unnamed-chunk-22-12.png
 create mode 100644 SingleSpecies_files/figure-html/unnamed-chunk-22-13.png
 create mode 100644 SingleSpecies_files/figure-html/unnamed-chunk-22-14.png
 create mode 100644 SingleSpecies_files/figure-html/unnamed-chunk-22-15.png
 create mode 100644 SingleSpecies_files/figure-html/unnamed-chunk-22-16.png
 create mode 100644 SingleSpecies_files/figure-html/unnamed-chunk-22-17.png
 create mode 100644 SingleSpecies_files/figure-html/unnamed-chunk-22-18.png
 create mode 100644 SingleSpecies_files/figure-html/unnamed-chunk-22-19.png
 create mode 100644 SingleSpecies_files/figure-html/unnamed-chunk-22-20.png
 create mode 100644 SingleSpecies_files/figure-html/unnamed-chunk-22-21.png
 create mode 100644 SingleSpecies_files/figure-html/unnamed-chunk-22-22.png
 create mode 100644 SingleSpecies_files/figure-html/unnamed-chunk-22-23.png
 create mode 100644 SingleSpecies_files/figure-html/unnamed-chunk-22-24.png
 create mode 100644 SingleSpecies_files/figure-html/unnamed-chunk-22-25.png
 create mode 100644 SingleSpecies_files/figure-html/unnamed-chunk-22-26.png
 create mode 100644 SingleSpecies_files/figure-html/unnamed-chunk-22-27.png
 create mode 100644 SingleSpecies_files/figure-html/unnamed-chunk-22-28.png
 create mode 100644 SingleSpecies_files/figure-html/unnamed-chunk-22-29.png
 create mode 100644 SingleSpecies_files/figure-html/unnamed-chunk-22-30.png
 create mode 100644 SingleSpecies_files/figure-html/unnamed-chunk-22-31.png
Switched to a new branch 'i-1cac24c1'
Connection reset by 52.11.197.179
